<?xml version="1.0" encoding="UTF-8"?>
<!-- Generated by org.testng.reporters.JUnitReportReporter -->
<testsuite hostname="DESKTOP-9ETLQV3" failures="0" tests="1" name="tests.A20_8_FillingTheForm_spec" time="4.675" errors="0" timestamp="2023-06-19T14:48:28 EEST" skipped="0">
  <testcase classname="tests.A20_8_FillingTheForm_spec" name="finalTestView" time="4.675"/>
</testsuite> <!-- tests.A20_8_FillingTheForm_spec -->
