<?xml version="1.0" encoding="UTF-8"?>
<!-- Generated by org.testng.reporters.JUnitReportReporter -->
<testsuite hostname="DESKTOP-9ETLQV3" failures="0" tests="3" name="tests.A25_2_ClassAnotationsExample_spec" time="6.484" errors="0" timestamp="2022-06-29T14:12:00 EEST" skipped="0">
  <testcase classname="tests.A25_2_ClassAnotationsExample_spec" name="textExample2" time="1.908"/>
  <system-out/>
  <testcase classname="tests.A25_2_ClassAnotationsExample_spec" name="textExample1" time="2.761"/>
  <system-out/>
  <testcase classname="tests.A25_2_ClassAnotationsExample_spec" name="textExample3" time="1.815"/>
  <system-out/>
</testsuite> <!-- tests.A25_2_ClassAnotationsExample_spec -->
