<?xml version="1.0" encoding="UTF-8"?>
<!-- Generated by org.testng.reporters.JUnitReportReporter -->
<testsuite hostname="DESKTOP-9ETLQV3" failures="0" tests="1" name="tests.A02_StaticWait_spec" time="5.162" errors="0" timestamp="2022-06-29T13:15:44 EEST" skipped="0">
  <testcase classname="tests.A02_StaticWait_spec" name="staticWait" time="5.162"/>
  <system-out/>
</testsuite> <!-- tests.A02_StaticWait_spec -->
